CRITICAL - 2023-04-08 02:55:32 --> Undefined variable $tittle
in APPPATH\Views\layout\v_nav.php on line 75.
 1 APPPATH\Views\layout\v_nav.php(75): CodeIgniter\Debug\Exceptions->errorHandler(2, 'Undefined variable $tittle', 'APPPATH\\Views\\layout\\v_nav.php', 75)
 2 SYSTEMPATH\View\View.php(213): include('APPPATH\\Views\\layout\\v_nav.php')
 3 SYSTEMPATH\View\View.php(216): CodeIgniter\View\View->CodeIgniter\View\{closure}()
 4 SYSTEMPATH\Common.php(1134): CodeIgniter\View\View->render('layout/v_nav', [], true)
 5 APPPATH\Views\layout\v_wrapper.php(4): view('layout/v_nav')
 6 SYSTEMPATH\View\View.php(213): include('APPPATH\\Views\\layout\\v_wrapper.php')
 7 SYSTEMPATH\View\View.php(216): CodeIgniter\View\View->CodeIgniter\View\{closure}()
 8 SYSTEMPATH\Common.php(1134): CodeIgniter\View\View->render('layout/v_wrapper', [], true)
 9 APPPATH\Controllers\Home.php(10): view('layout/v_wrapper')
10 SYSTEMPATH\CodeIgniter.php(927): App\Controllers\Home->index()
11 SYSTEMPATH\CodeIgniter.php(482): CodeIgniter\CodeIgniter->runController(Object(App\Controllers\Home))
12 SYSTEMPATH\CodeIgniter.php(351): CodeIgniter\CodeIgniter->handleRequest(null, Object(Config\Cache), false)
13 FCPATH\index.php(67): CodeIgniter\CodeIgniter->run()
14 SYSTEMPATH\Commands\Server\rewrite.php(46): require_once('FCPATH\\index.php')
CRITICAL - 2023-04-08 03:14:50 --> Undefined variable $hasil
in APPPATH\Views\layout\v_content.php on line 14.
 1 APPPATH\Views\layout\v_content.php(14): CodeIgniter\Debug\Exceptions->errorHandler(2, 'Undefined variable $hasil', 'APPPATH\\Views\\layout\\v_content.php', 14)
 2 SYSTEMPATH\View\View.php(213): include('APPPATH\\Views\\layout\\v_content.php')
 3 SYSTEMPATH\View\View.php(216): CodeIgniter\View\View->CodeIgniter\View\{closure}()
 4 SYSTEMPATH\Common.php(1134): CodeIgniter\View\View->render('layout/v_content', [], true)
 5 APPPATH\Views\layout\v_wrapper.php(5): view('layout/v_content')
 6 SYSTEMPATH\View\View.php(213): include('APPPATH\\Views\\layout\\v_wrapper.php')
 7 SYSTEMPATH\View\View.php(216): CodeIgniter\View\View->CodeIgniter\View\{closure}()
 8 SYSTEMPATH\Common.php(1134): CodeIgniter\View\View->render('layout/v_wrapper', [], true)
 9 APPPATH\Controllers\Home.php(10): view('layout/v_wrapper')
10 SYSTEMPATH\CodeIgniter.php(927): App\Controllers\Home->index()
11 SYSTEMPATH\CodeIgniter.php(482): CodeIgniter\CodeIgniter->runController(Object(App\Controllers\Home))
12 SYSTEMPATH\CodeIgniter.php(351): CodeIgniter\CodeIgniter->handleRequest(null, Object(Config\Cache), false)
13 FCPATH\index.php(67): CodeIgniter\CodeIgniter->run()
14 SYSTEMPATH\Commands\Server\rewrite.php(46): require_once('FCPATH\\index.php')
CRITICAL - 2023-04-08 03:14:53 --> Undefined variable $hasil
in APPPATH\Views\layout\v_content.php on line 14.
 1 APPPATH\Views\layout\v_content.php(14): CodeIgniter\Debug\Exceptions->errorHandler(2, 'Undefined variable $hasil', 'APPPATH\\Views\\layout\\v_content.php', 14)
 2 SYSTEMPATH\View\View.php(213): include('APPPATH\\Views\\layout\\v_content.php')
 3 SYSTEMPATH\View\View.php(216): CodeIgniter\View\View->CodeIgniter\View\{closure}()
 4 SYSTEMPATH\Common.php(1134): CodeIgniter\View\View->render('layout/v_content', [], true)
 5 APPPATH\Views\layout\v_wrapper.php(5): view('layout/v_content')
 6 SYSTEMPATH\View\View.php(213): include('APPPATH\\Views\\layout\\v_wrapper.php')
 7 SYSTEMPATH\View\View.php(216): CodeIgniter\View\View->CodeIgniter\View\{closure}()
 8 SYSTEMPATH\Common.php(1134): CodeIgniter\View\View->render('layout/v_wrapper', [], true)
 9 APPPATH\Controllers\Home.php(10): view('layout/v_wrapper')
10 SYSTEMPATH\CodeIgniter.php(927): App\Controllers\Home->index()
11 SYSTEMPATH\CodeIgniter.php(482): CodeIgniter\CodeIgniter->runController(Object(App\Controllers\Home))
12 SYSTEMPATH\CodeIgniter.php(351): CodeIgniter\CodeIgniter->handleRequest(null, Object(Config\Cache), false)
13 FCPATH\index.php(67): CodeIgniter\CodeIgniter->run()
14 SYSTEMPATH\Commands\Server\rewrite.php(46): require_once('FCPATH\\index.php')
CRITICAL - 2023-04-08 03:15:59 --> Undefined variable $hasil
in APPPATH\Views\layout\v_nav.php on line 19.
 1 APPPATH\Views\layout\v_nav.php(19): CodeIgniter\Debug\Exceptions->errorHandler(2, 'Undefined variable $hasil', 'APPPATH\\Views\\layout\\v_nav.php', 19)
 2 SYSTEMPATH\View\View.php(213): include('APPPATH\\Views\\layout\\v_nav.php')
 3 SYSTEMPATH\View\View.php(216): CodeIgniter\View\View->CodeIgniter\View\{closure}()
 4 SYSTEMPATH\Common.php(1134): CodeIgniter\View\View->render('layout/v_nav', [], true)
 5 APPPATH\Views\layout\v_wrapper.php(4): view('layout/v_nav')
 6 SYSTEMPATH\View\View.php(213): include('APPPATH\\Views\\layout\\v_wrapper.php')
 7 SYSTEMPATH\View\View.php(216): CodeIgniter\View\View->CodeIgniter\View\{closure}()
 8 SYSTEMPATH\Common.php(1134): CodeIgniter\View\View->render('layout/v_wrapper', [], true)
 9 APPPATH\Controllers\Home.php(10): view('layout/v_wrapper')
10 SYSTEMPATH\CodeIgniter.php(927): App\Controllers\Home->index()
11 SYSTEMPATH\CodeIgniter.php(482): CodeIgniter\CodeIgniter->runController(Object(App\Controllers\Home))
12 SYSTEMPATH\CodeIgniter.php(351): CodeIgniter\CodeIgniter->handleRequest(null, Object(Config\Cache), false)
13 FCPATH\index.php(67): CodeIgniter\CodeIgniter->run()
14 SYSTEMPATH\Commands\Server\rewrite.php(46): require_once('FCPATH\\index.php')
CRITICAL - 2023-04-08 03:17:33 --> Undefined variable $hasil
in APPPATH\Views\layout\v_nav.php on line 19.
 1 APPPATH\Views\layout\v_nav.php(19): CodeIgniter\Debug\Exceptions->errorHandler(2, 'Undefined variable $hasil', 'APPPATH\\Views\\layout\\v_nav.php', 19)
 2 SYSTEMPATH\View\View.php(213): include('APPPATH\\Views\\layout\\v_nav.php')
 3 SYSTEMPATH\View\View.php(216): CodeIgniter\View\View->CodeIgniter\View\{closure}()
 4 SYSTEMPATH\Common.php(1134): CodeIgniter\View\View->render('layout/v_nav', [], true)
 5 APPPATH\Views\layout\v_wrapper.php(4): view('layout/v_nav')
 6 SYSTEMPATH\View\View.php(213): include('APPPATH\\Views\\layout\\v_wrapper.php')
 7 SYSTEMPATH\View\View.php(216): CodeIgniter\View\View->CodeIgniter\View\{closure}()
 8 SYSTEMPATH\Common.php(1134): CodeIgniter\View\View->render('layout/v_wrapper', [], true)
 9 APPPATH\Controllers\Home.php(10): view('layout/v_wrapper')
10 SYSTEMPATH\CodeIgniter.php(927): App\Controllers\Home->index()
11 SYSTEMPATH\CodeIgniter.php(482): CodeIgniter\CodeIgniter->runController(Object(App\Controllers\Home))
12 SYSTEMPATH\CodeIgniter.php(351): CodeIgniter\CodeIgniter->handleRequest(null, Object(Config\Cache), false)
13 FCPATH\index.php(67): CodeIgniter\CodeIgniter->run()
14 SYSTEMPATH\Commands\Server\rewrite.php(46): require_once('FCPATH\\index.php')
CRITICAL - 2023-04-08 03:26:40 --> Undefined variable $hasil
in APPPATH\Views\layout\v_content.php on line 66.
 1 APPPATH\Views\layout\v_content.php(66): CodeIgniter\Debug\Exceptions->errorHandler(2, 'Undefined variable $hasil', 'APPPATH\\Views\\layout\\v_content.php', 66)
 2 SYSTEMPATH\View\View.php(213): include('APPPATH\\Views\\layout\\v_content.php')
 3 SYSTEMPATH\View\View.php(216): CodeIgniter\View\View->CodeIgniter\View\{closure}()
 4 SYSTEMPATH\Common.php(1134): CodeIgniter\View\View->render('layout/v_content', [], true)
 5 APPPATH\Views\layout\v_wrapper.php(5): view('layout/v_content')
 6 SYSTEMPATH\View\View.php(213): include('APPPATH\\Views\\layout\\v_wrapper.php')
 7 SYSTEMPATH\View\View.php(216): CodeIgniter\View\View->CodeIgniter\View\{closure}()
 8 SYSTEMPATH\Common.php(1134): CodeIgniter\View\View->render('layout/v_wrapper', [], true)
 9 APPPATH\Controllers\Home.php(10): view('layout/v_wrapper')
10 SYSTEMPATH\CodeIgniter.php(927): App\Controllers\Home->index()
11 SYSTEMPATH\CodeIgniter.php(482): CodeIgniter\CodeIgniter->runController(Object(App\Controllers\Home))
12 SYSTEMPATH\CodeIgniter.php(351): CodeIgniter\CodeIgniter->handleRequest(null, Object(Config\Cache), false)
13 FCPATH\index.php(67): CodeIgniter\CodeIgniter->run()
14 SYSTEMPATH\Commands\Server\rewrite.php(46): require_once('FCPATH\\index.php')
CRITICAL - 2023-04-08 03:26:50 --> Undefined variable $hasil
in APPPATH\Views\layout\v_content.php on line 66.
 1 APPPATH\Views\layout\v_content.php(66): CodeIgniter\Debug\Exceptions->errorHandler(2, 'Undefined variable $hasil', 'APPPATH\\Views\\layout\\v_content.php', 66)
 2 SYSTEMPATH\View\View.php(213): include('APPPATH\\Views\\layout\\v_content.php')
 3 SYSTEMPATH\View\View.php(216): CodeIgniter\View\View->CodeIgniter\View\{closure}()
 4 SYSTEMPATH\Common.php(1134): CodeIgniter\View\View->render('layout/v_content', [], true)
 5 APPPATH\Views\layout\v_wrapper.php(5): view('layout/v_content')
 6 SYSTEMPATH\View\View.php(213): include('APPPATH\\Views\\layout\\v_wrapper.php')
 7 SYSTEMPATH\View\View.php(216): CodeIgniter\View\View->CodeIgniter\View\{closure}()
 8 SYSTEMPATH\Common.php(1134): CodeIgniter\View\View->render('layout/v_wrapper', [], true)
 9 APPPATH\Controllers\Home.php(10): view('layout/v_wrapper')
10 SYSTEMPATH\CodeIgniter.php(927): App\Controllers\Home->index()
11 SYSTEMPATH\CodeIgniter.php(482): CodeIgniter\CodeIgniter->runController(Object(App\Controllers\Home))
12 SYSTEMPATH\CodeIgniter.php(351): CodeIgniter\CodeIgniter->handleRequest(null, Object(Config\Cache), false)
13 FCPATH\index.php(67): CodeIgniter\CodeIgniter->run()
14 SYSTEMPATH\Commands\Server\rewrite.php(46): require_once('FCPATH\\index.php')
CRITICAL - 2023-04-08 04:57:07 --> Undefined variable $hasil
in APPPATH\Views\layout\v_nav.php on line 95.
 1 APPPATH\Views\layout\v_nav.php(95): CodeIgniter\Debug\Exceptions->errorHandler(2, 'Undefined variable $hasil', 'APPPATH\\Views\\layout\\v_nav.php', 95)
 2 SYSTEMPATH\View\View.php(213): include('APPPATH\\Views\\layout\\v_nav.php')
 3 SYSTEMPATH\View\View.php(216): CodeIgniter\View\View->CodeIgniter\View\{closure}()
 4 SYSTEMPATH\Common.php(1134): CodeIgniter\View\View->render('layout/v_nav', [], true)
 5 APPPATH\Views\layout\v_wrapper.php(4): view('layout/v_nav')
 6 SYSTEMPATH\View\View.php(213): include('APPPATH\\Views\\layout\\v_wrapper.php')
 7 SYSTEMPATH\View\View.php(216): CodeIgniter\View\View->CodeIgniter\View\{closure}()
 8 SYSTEMPATH\Common.php(1134): CodeIgniter\View\View->render('layout/v_wrapper', [], true)
 9 APPPATH\Controllers\Home.php(10): view('layout/v_wrapper')
10 SYSTEMPATH\CodeIgniter.php(927): App\Controllers\Home->index()
11 SYSTEMPATH\CodeIgniter.php(482): CodeIgniter\CodeIgniter->runController(Object(App\Controllers\Home))
12 SYSTEMPATH\CodeIgniter.php(351): CodeIgniter\CodeIgniter->handleRequest(null, Object(Config\Cache), false)
13 FCPATH\index.php(67): CodeIgniter\CodeIgniter->run()
14 SYSTEMPATH\Commands\Server\rewrite.php(46): require_once('FCPATH\\index.php')
CRITICAL - 2023-04-08 14:52:04 --> Undefined variable $row
in APPPATH\Views\layout\v_content.php on line 13.
 1 APPPATH\Views\layout\v_content.php(13): CodeIgniter\Debug\Exceptions->errorHandler(2, 'Undefined variable $row', 'APPPATH\\Views\\layout\\v_content.php', 13)
 2 SYSTEMPATH\View\View.php(213): include('APPPATH\\Views\\layout\\v_content.php')
 3 SYSTEMPATH\View\View.php(216): CodeIgniter\View\View->CodeIgniter\View\{closure}()
 4 SYSTEMPATH\Common.php(1134): CodeIgniter\View\View->render('layout/v_content', [], true)
 5 APPPATH\Views\layout\v_wrapper.php(5): view('layout/v_content')
 6 SYSTEMPATH\View\View.php(213): include('APPPATH\\Views\\layout\\v_wrapper.php')
 7 SYSTEMPATH\View\View.php(216): CodeIgniter\View\View->CodeIgniter\View\{closure}()
 8 SYSTEMPATH\Common.php(1134): CodeIgniter\View\View->render('layout/v_wrapper', [], true)
 9 APPPATH\Controllers\Home.php(10): view('layout/v_wrapper')
10 SYSTEMPATH\CodeIgniter.php(927): App\Controllers\Home->index()
11 SYSTEMPATH\CodeIgniter.php(482): CodeIgniter\CodeIgniter->runController(Object(App\Controllers\Home))
12 SYSTEMPATH\CodeIgniter.php(351): CodeIgniter\CodeIgniter->handleRequest(null, Object(Config\Cache), false)
13 FCPATH\index.php(67): CodeIgniter\CodeIgniter->run()
14 SYSTEMPATH\Commands\Server\rewrite.php(46): require_once('FCPATH\\index.php')
CRITICAL - 2023-04-08 14:54:30 --> Undefined variable $row
in APPPATH\Views\layout\v_content.php on line 13.
 1 APPPATH\Views\layout\v_content.php(13): CodeIgniter\Debug\Exceptions->errorHandler(2, 'Undefined variable $row', 'APPPATH\\Views\\layout\\v_content.php', 13)
 2 SYSTEMPATH\View\View.php(213): include('APPPATH\\Views\\layout\\v_content.php')
 3 SYSTEMPATH\View\View.php(216): CodeIgniter\View\View->CodeIgniter\View\{closure}()
 4 SYSTEMPATH\Common.php(1134): CodeIgniter\View\View->render('layout/v_content', [], true)
 5 APPPATH\Views\layout\v_wrapper.php(5): view('layout/v_content')
 6 SYSTEMPATH\View\View.php(213): include('APPPATH\\Views\\layout\\v_wrapper.php')
 7 SYSTEMPATH\View\View.php(216): CodeIgniter\View\View->CodeIgniter\View\{closure}()
 8 SYSTEMPATH\Common.php(1134): CodeIgniter\View\View->render('layout/v_wrapper', [], true)
 9 APPPATH\Controllers\Home.php(10): view('layout/v_wrapper')
10 SYSTEMPATH\CodeIgniter.php(927): App\Controllers\Home->index()
11 SYSTEMPATH\CodeIgniter.php(482): CodeIgniter\CodeIgniter->runController(Object(App\Controllers\Home))
12 SYSTEMPATH\CodeIgniter.php(351): CodeIgniter\CodeIgniter->handleRequest(null, Object(Config\Cache), false)
13 FCPATH\index.php(67): CodeIgniter\CodeIgniter->run()
14 SYSTEMPATH\Commands\Server\rewrite.php(46): require_once('FCPATH\\index.php')
CRITICAL - 2023-04-08 20:19:39 --> Undefined property: stdClass::$tgl_pembayaran
in APPPATH\Views\V_editData_fitrah.php on line 51.
 1 APPPATH\Views\V_editData_fitrah.php(51): CodeIgniter\Debug\Exceptions->errorHandler(2, 'Undefined property: stdClass::$tgl_pembayaran', 'APPPATH\\Views\\V_editData_fitrah.php', 51)
 2 SYSTEMPATH\View\View.php(213): include('APPPATH\\Views\\V_editData_fitrah.php')
 3 SYSTEMPATH\View\View.php(216): CodeIgniter\View\View->CodeIgniter\View\{closure}()
 4 SYSTEMPATH\Common.php(1134): CodeIgniter\View\View->render('V_editData_fitrah', [], true)
 5 APPPATH\Controllers\Data.php(61): view('V_editData_fitrah', [...])
 6 SYSTEMPATH\CodeIgniter.php(927): App\Controllers\Data->editDataFitrah('4')
 7 SYSTEMPATH\CodeIgniter.php(482): CodeIgniter\CodeIgniter->runController(Object(App\Controllers\Data))
 8 SYSTEMPATH\CodeIgniter.php(351): CodeIgniter\CodeIgniter->handleRequest(null, Object(Config\Cache), false)
 9 FCPATH\index.php(67): CodeIgniter\CodeIgniter->run()
10 SYSTEMPATH\Commands\Server\rewrite.php(46): require_once('FCPATH\\index.php')
CRITICAL - 2023-04-08 20:26:27 --> Undefined variable $row
in APPPATH\Views\V_insertData_fitrah.php on line 48.
 1 APPPATH\Views\V_insertData_fitrah.php(48): CodeIgniter\Debug\Exceptions->errorHandler(2, 'Undefined variable $row', 'APPPATH\\Views\\V_insertData_fitrah.php', 48)
 2 SYSTEMPATH\View\View.php(213): include('APPPATH\\Views\\V_insertData_fitrah.php')
 3 SYSTEMPATH\View\View.php(216): CodeIgniter\View\View->CodeIgniter\View\{closure}()
 4 SYSTEMPATH\Common.php(1134): CodeIgniter\View\View->render('V_insertData_fitrah', [], true)
 5 APPPATH\Controllers\Data.php(34): view('V_insertData_fitrah')
 6 SYSTEMPATH\CodeIgniter.php(927): App\Controllers\Data->insertDataFitrah()
 7 SYSTEMPATH\CodeIgniter.php(482): CodeIgniter\CodeIgniter->runController(Object(App\Controllers\Data))
 8 SYSTEMPATH\CodeIgniter.php(351): CodeIgniter\CodeIgniter->handleRequest(null, Object(Config\Cache), false)
 9 FCPATH\index.php(67): CodeIgniter\CodeIgniter->run()
10 SYSTEMPATH\Commands\Server\rewrite.php(46): require_once('FCPATH\\index.php')
CRITICAL - 2023-04-08 20:37:47 --> Cannot use object of type stdClass as array
in APPPATH\Views\V_editData_fitrah.php on line 90.
 1 SYSTEMPATH\View\View.php(213): include()
 2 SYSTEMPATH\View\View.php(216): CodeIgniter\View\View->CodeIgniter\View\{closure}()
 3 SYSTEMPATH\Common.php(1134): CodeIgniter\View\View->render('V_editData_fitrah', [], true)
 4 APPPATH\Controllers\Data.php(61): view('V_editData_fitrah', [...])
 5 SYSTEMPATH\CodeIgniter.php(927): App\Controllers\Data->editDataFitrah('1')
 6 SYSTEMPATH\CodeIgniter.php(482): CodeIgniter\CodeIgniter->runController(Object(App\Controllers\Data))
 7 SYSTEMPATH\CodeIgniter.php(351): CodeIgniter\CodeIgniter->handleRequest(null, Object(Config\Cache), false)
 8 FCPATH\index.php(67): CodeIgniter\CodeIgniter->run()
 9 SYSTEMPATH\Commands\Server\rewrite.php(46): require_once('FCPATH\\index.php')
CRITICAL - 2023-04-08 20:41:11 --> Undefined variable $jenis_zakat
in APPPATH\Views\V_editData_fitrah.php on line 90.
 1 APPPATH\Views\V_editData_fitrah.php(90): CodeIgniter\Debug\Exceptions->errorHandler(2, 'Undefined variable $jenis_zakat', 'APPPATH\\Views\\V_editData_fitrah.php', 90)
 2 SYSTEMPATH\View\View.php(213): include('APPPATH\\Views\\V_editData_fitrah.php')
 3 SYSTEMPATH\View\View.php(216): CodeIgniter\View\View->CodeIgniter\View\{closure}()
 4 SYSTEMPATH\Common.php(1134): CodeIgniter\View\View->render('V_editData_fitrah', [], true)
 5 APPPATH\Controllers\Data.php(61): view('V_editData_fitrah', [...])
 6 SYSTEMPATH\CodeIgniter.php(927): App\Controllers\Data->editDataFitrah('1')
 7 SYSTEMPATH\CodeIgniter.php(482): CodeIgniter\CodeIgniter->runController(Object(App\Controllers\Data))
 8 SYSTEMPATH\CodeIgniter.php(351): CodeIgniter\CodeIgniter->handleRequest(null, Object(Config\Cache), false)
 9 FCPATH\index.php(67): CodeIgniter\CodeIgniter->run()
10 SYSTEMPATH\Commands\Server\rewrite.php(46): require_once('FCPATH\\index.php')
CRITICAL - 2023-04-08 20:41:40 --> Undefined variable $row
in APPPATH\Views\V_editData_fitrah.php on line 32.
 1 APPPATH\Views\V_editData_fitrah.php(32): CodeIgniter\Debug\Exceptions->errorHandler(2, 'Undefined variable $row', 'APPPATH\\Views\\V_editData_fitrah.php', 32)
 2 SYSTEMPATH\View\View.php(213): include('APPPATH\\Views\\V_editData_fitrah.php')
 3 SYSTEMPATH\View\View.php(216): CodeIgniter\View\View->CodeIgniter\View\{closure}()
 4 SYSTEMPATH\Common.php(1134): CodeIgniter\View\View->render('V_editData_fitrah', [], true)
 5 APPPATH\Controllers\Data.php(61): view('V_editData_fitrah', [...])
 6 SYSTEMPATH\CodeIgniter.php(927): App\Controllers\Data->editDataFitrah('1')
 7 SYSTEMPATH\CodeIgniter.php(482): CodeIgniter\CodeIgniter->runController(Object(App\Controllers\Data))
 8 SYSTEMPATH\CodeIgniter.php(351): CodeIgniter\CodeIgniter->handleRequest(null, Object(Config\Cache), false)
 9 FCPATH\index.php(67): CodeIgniter\CodeIgniter->run()
10 SYSTEMPATH\Commands\Server\rewrite.php(46): require_once('FCPATH\\index.php')
CRITICAL - 2023-04-08 20:42:52 --> Undefined variable $jenis_zakat
in APPPATH\Views\V_editData_fitrah.php on line 90.
 1 APPPATH\Views\V_editData_fitrah.php(90): CodeIgniter\Debug\Exceptions->errorHandler(2, 'Undefined variable $jenis_zakat', 'APPPATH\\Views\\V_editData_fitrah.php', 90)
 2 SYSTEMPATH\View\View.php(213): include('APPPATH\\Views\\V_editData_fitrah.php')
 3 SYSTEMPATH\View\View.php(216): CodeIgniter\View\View->CodeIgniter\View\{closure}()
 4 SYSTEMPATH\Common.php(1134): CodeIgniter\View\View->render('V_editData_fitrah', [], true)
 5 APPPATH\Controllers\Data.php(61): view('V_editData_fitrah', [...])
 6 SYSTEMPATH\CodeIgniter.php(927): App\Controllers\Data->editDataFitrah('1')
 7 SYSTEMPATH\CodeIgniter.php(482): CodeIgniter\CodeIgniter->runController(Object(App\Controllers\Data))
 8 SYSTEMPATH\CodeIgniter.php(351): CodeIgniter\CodeIgniter->handleRequest(null, Object(Config\Cache), false)
 9 FCPATH\index.php(67): CodeIgniter\CodeIgniter->run()
10 SYSTEMPATH\Commands\Server\rewrite.php(46): require_once('FCPATH\\index.php')
